<?xml version="1.0" encoding="UTF-8"?>
<testsuite xmlns:xsi="http://www.w3.org/2001/XMLSchema-instance" xsi:noNamespaceSchemaLocation="https://maven.apache.org/surefire/maven-surefire-plugin/xsd/surefire-test-report.xsd" name="com.example.BankTest" time="0.139" tests="4" errors="0" skipped="0" failures="0">
  <properties>
[...]
</properties>
  <testcase name="TestInvalidUserLogin" classname="com.example.BankTest" time="0.118"/>
  <testcase name="TestInvalidUserRegistration" classname="com.example.BankTest" time="0"/>
  <testcase name="TestValidUserLogin" classname="com.example.BankTest" time="0.007"/>
  <testcase name="TestValidUserRegistration" classname="com.example.BankTest" time="0.006"/>
</testsuite>